
================ IB Echo Server ================


************ Configuraion ************

is_server                 = false
msg_size                  = 8
num_concurr_msgs          = 1000
sock_port                 = 3333

************ End of Configuraion ************


************ IB Config ************

<<<<<<< HEAD
	qp[5652] <-> qp[5651]
=======
	qp[3823] <-> qp[3822]
>>>>>>> 317549e3852d0b98b806903b89eb7688fbc55956

************ End of IB Config ************


************ Run Client ************

thread[0]: ready to send
<<<<<<< HEAD
=======
thread[0]: throughput = 0.001966 (MB/s)

================ Run Finished ================

>>>>>>> 317549e3852d0b98b806903b89eb7688fbc55956
