make all --print-data-base --no-builtin-variables --no-builtin-rules --question
# GNU Make 4.2.1
# Built for x86_64-pc-linux-gnu
# Copyright (C) 1988-2016 Free Software Foundation, Inc.
# License GPLv3+: GNU GPL version 3 or later <http://gnu.org/licenses/gpl.html>
# This is free software: you are free to change and redistribute it.
# There is NO WARRANTY, to the extent permitted by law.

# Make data base, printed on Wed Jun  1 11:15:19 2022

# Variables

# automatic
<D = $(patsubst %/,%,$(dir $<))
# automatic
?F = $(notdir $?)
# default
.SHELLFLAGS := -c
# environment
XDG_SESSION_CLASS = user
# environment
VSCODE_AGENT_FOLDER = /home/mxh/.vscode-server
# environment
XDG_SESSION_TYPE = tty
# environment
VSCODE_LOG_NATIVE = false
# automatic
?D = $(patsubst %/,%,$(dir $?))
# makefile (from 'Makefile', line 3)
INCLUDES = 
# automatic
@D = $(patsubst %/,%,$(dir $@))
# automatic
@F = $(notdir $@)
# default
MAKE_VERSION := 4.2.1
# makefile
CURDIR := /home/mxh/RDMA_TEST
# makefile
SHELL = /bin/sh
# environment
VSCODE_NLS_CONFIG = {"locale":"zh-cn","availableLanguages":{}}
# environment
_ = /home/mxh/.vscode-server/bin/c3511e6c69bb39013c4a4b7b9566ec1ca73fc4d5/node
# makefile (from 'Makefile', line 2)
CFLAGS = -O2
# environment
MY_MFU_SOURCE_PATH = /home/dsb/mpifileutils
# makefile (from 'Makefile', line 1)
MAKEFILE_LIST :=  Makefile
# 'override' directive
GNUMAKEFLAGS := 
# environment
XDG_DATA_DIRS = /usr/local/share:/usr/share:/var/lib/snapd/desktop
# environment
DBUS_SESSION_BUS_ADDRESS = unix:path=/run/user/997/bus
# environment
VSCODE_VERBOSE_LOGGING = true
# makefile (from 'Makefile', line 8)
OBJS = $(SRCS:.c=.o)
# environment
LESSOPEN = | /usr/bin/lesspipe %s
# environment
VSCODE_CWD = /home/mxh
# environment
SSH_CONNECTION = 192.168.0.1 37596 192.168.1.11 22
# environment
PATH = /home/mxh/.vscode-server/bin/c3511e6c69bb39013c4a4b7b9566ec1ca73fc4d5/bin/remote-cli:/home/dsb/mfu/install/bin:/home/dsb/daos/install/bin/:/home/dsb/daos/install/include/sbin/:/home/dsb/mfu/install/bin:/home/dsb/daos/install/bin/:/home/dsb/daos/install/include/sbin/:/home/dsb/mfu/install/bin:/home/dsb/daos/install/bin/:/home/dsb/daos/install/include/sbin/:/home/dsb/mfu/install/bin:/home/dsb/daos/install/bin/:/home/dsb/daos/install/include/sbin/:/usr/local/sbin:/usr/local/bin:/usr/sbin:/usr/bin:/sbin:/bin:/usr/games:/usr/local/games:/snap/bin
# makefile (from 'Makefile', line 9)
PROG = rdma_test
# environment
XDG_RUNTIME_DIR = /run/user/997
# environment
CPATH = /home/dsb/daos/install/include/:/home/dsb/daos/install/include/:/home/dsb/daos/install/include/:/home/dsb/daos/install/include/:
# environment
VSCODE_LOG_STACK = false
# environment
VSCODE_IPC_HOOK_CLI = /run/user/997/vscode-ipc-f2e420e4-0ff3-404a-ab94-6be41e5a589b.sock
# makefile (from 'Makefile', line 4)
LDFLAGS = -libverbs
# default
.FEATURES := target-specific order-only second-expansion else-if shortest-stem undefine oneshell archives jobserver output-sync check-symlink load
# environment
LS_COLORS = 
# automatic
%F = $(notdir $%)
# default
MAKE_HOST := x86_64-pc-linux-gnu
# environment
MY_MFU_INSTALL_PATH = /home/dsb/mfu
# environment
VSCODE_PIPE_LOGGING = true
# environment
PWD = /home/mxh/RDMA_TEST
# default
.LOADED := 
# automatic
*D = $(patsubst %/,%,$(dir $*))
# environment
VSCODE_AMD_ENTRYPOINT = vs/workbench/api/node/extensionHostProcess
# environment
HOME = /home/mxh
# environment
LD_LIBRARY_PATH = /home/dsb/mfu/install/lib64:/home/dsb/mfu/install/lib:/home/dsb/lib
# environment
LESSCLOSE = /usr/bin/lesspipe %s %s
# environment
LOGNAME = mxh
# environment
APPLICATION_INSIGHTS_NO_DIAGNOSTIC_CHANNEL = true
# automatic
+F = $(notdir $+)
# environment
VSCODE_HANDLES_UNCAUGHT_ERRORS = true
# automatic
^D = $(patsubst %/,%,$(dir $^))
# environment
MAKELEVEL := 0
# default
MAKE = $(MAKE_COMMAND)
# default
MAKECMDGOALS := all
# makefile (from 'Makefile', line 7)
SRCS = main.c client.c config.c ib.c server.c setup_ib.c sock.c latency.c NVM.c client4write.c server4write.c client4persist.c server4persist.c client4lat.c server4lat.c client4ddio.c server4ddio.c
# environment
SHLVL = 1
# environment
OMPI_MCA_btl_openib_if_include = ibp102s0:1
# makefile (from 'Makefile', line 1)
CC = gcc
# environment
XDG_SESSION_ID = 521
# environment
USER = mxh
# makefile
.DEFAULT_GOAL := all
# environment
MY_DAOS_INSTALL_PATH = /home/dsb/daos/install
# automatic
%D = $(patsubst %/,%,$(dir $%))
# default
MAKE_COMMAND := make
# default
.VARIABLES := 
# automatic
*F = $(notdir $*)
# makefile
MAKEFLAGS = pqrR
# environment
MFLAGS = -pqrR
# environment
SSH_CLIENT = 192.168.0.1 37596 22
# automatic
+D = $(patsubst %/,%,$(dir $+))
# environment
BROWSER = /home/mxh/.vscode-server/bin/c3511e6c69bb39013c4a4b7b9566ec1ca73fc4d5/bin/helpers/browser.sh
# environment
VSCODE_HANDLES_SIGPIPE = true
# environment
DAOS_CONT = io500_cont
# environment
OMPI_MCA_btl_openib_allow_ib = 1
# default
MAKEFILES := 
# automatic
<F = $(notdir $<)
# environment
LC_ALL = C
# makefile (from 'Makefile', line 5)
LIBS = -lpthread -lrdmacm -lpmem
# automatic
^F = $(notdir $^)
# default
SUFFIXES := 
# environment
MY_IO500_PATH = /home/dsb/io500
# environment
DAOS_POOL = Pool1
# default
.INCLUDE_DIRS = /usr/include /usr/local/include /usr/include
# default
.RECIPEPREFIX := 
# environment
MY_MFU_BUILD_PATH = /home/dsb/mpifileutils/build
# environment
LANG = C
# environment
VSCODE_EXTHOST_WILL_SEND_SOCKET = true
# environment
MOTD_SHOWN = pam
# variable set hash-table stats:
# Load=89/1024=9%, Rehash=0, Collisions=13/120=11%

# Pattern-specific Variable Values

# No pattern-specific variable values.

# Directories

# . (device 64768, inode 4514505): 61 files, no impossibilities.

# 61 files, no impossibilities in 1 directories.

# Implicit Rules

# No implicit rules.

# Files

# Not a target:
server4persist.o:
#  Implicit rule search has been done.
#  Last modified 2022-06-01 11:15:14.884811754
#  File has been updated.
#  Successfully updated.

all: rdma_test
#  Command line target.
#  Implicit rule search has been done.
#  File does not exist.
#  File has not been updated.

# Not a target:
client.o:
#  Implicit rule search has been done.
#  Last modified 2022-06-01 11:15:13.816871652
#  File has been updated.
#  Successfully updated.

# Not a target:
client4write.o:
#  Implicit rule search has been done.
#  Last modified 2022-06-01 11:15:14.568829476
#  File has been updated.
#  Successfully updated.

# Not a target:
Makefile:
#  Implicit rule search has been done.
#  Last modified 2022-06-01 11:15:07.681215918
#  File has been updated.
#  Successfully updated.

# Not a target:
client4ddio.o:
#  Implicit rule search has been done.
#  File does not exist.
#  File has not been updated.

# Not a target:
server.o:
#  Implicit rule search has been done.
#  Last modified 2022-06-01 11:15:14.072857293
#  File has been updated.
#  Successfully updated.

# makefile (from 'Makefile', line 13)
debug: CFLAGS = m -g -DDEBUG
debug: rdma_test
#  Implicit rule search has not been done.
#  Modification time never checked.
#  File has not been updated.
# variable set hash-table stats:
# Load=1/32=3%, Rehash=0, Collisions=0/1=0%

# Not a target:
server4write.o:
#  Implicit rule search has been done.
#  Last modified 2022-06-01 11:15:14.672823643
#  File has been updated.
#  Successfully updated.

# Not a target:
server4ddio.o:
#  Implicit rule search has not been done.
#  Modification time never checked.
#  File has not been updated.

.c.o:
 
make: *** No rule to make target 'client4ddio.o', needed by 'rdma_test'.  Stop.

#  Implicit rule search has not been done.
#  Modification time never checked.
#  File has not been updated.
#  recipe to execute (from 'Makefile', line 17):
	$(CC) $(CFLAGS) $(INCLUDES) -c -o $@ $<

# Not a target:
ib.o:
#  Implicit rule search has been done.
#  Last modified 2022-06-01 11:15:13.960863575
#  File has been updated.
#  Successfully updated.

# Not a target:
.DEFAULT:
#  Implicit rule search has not been done.
#  Modification time never checked.
#  File has not been updated.

# Not a target:
client4lat.o:
#  Implicit rule search has been done.
#  Last modified 2022-06-01 11:15:14.996805473
#  File has been updated.
#  Successfully updated.

clean:
#  Implicit rule search has not been done.
#  Modification time never checked.
#  File has not been updated.
#  recipe to execute (from 'Makefile', line 24):
	$(RM) *.o *~ $(PROG)

rdma_test: main.o client.o config.o ib.o server.o setup_ib.o sock.o latency.o NVM.o client4write.o server4write.o client4persist.o server4persist.o client4lat.o server4lat.o client4ddio.o server4ddio.o
#  Implicit rule search has not been done.
#  Last modified 2022-06-01 07:27:02.16520998
#  File has not been updated.
#  recipe to execute (from 'Makefile', line 20):
	$(CC) $(CFLAGS) $(INCLUDES) -o $@ $(OBJS) $(LDFLAGS) $(LIBS)
	$(RM) *.o

# Not a target:
server4lat.o:
#  Implicit rule search has been done.
#  Last modified 2022-06-01 11:15:15.104799417
#  File has been updated.
#  Successfully updated.

# Not a target:
latency.o:
#  Implicit rule search has been done.
#  Last modified 2022-06-01 11:15:14.412838225
#  File has been updated.
#  Successfully updated.

# Not a target:
main.o:
#  Implicit rule search has been done.
#  Last modified 2022-06-01 11:15:13.696878382
#  File has been updated.
#  Successfully updated.

# Not a target:
client4persist.o:
#  Implicit rule search has been done.
#  Last modified 2022-06-01 11:15:14.76881826
#  File has been updated.
#  Successfully updated.

# Not a target:
config.o:
#  Implicit rule search has been done.
#  Last modified 2022-06-01 11:15:13.864868959
#  File has been updated.
#  Successfully updated.

# Not a target:
setup_ib.o:
#  Implicit rule search has been done.
#  Last modified 2022-06-01 11:15:14.216849218
#  File has been updated.
#  Successfully updated.

# Not a target:
sock.o:
#  Implicit rule search has been done.
#  Last modified 2022-06-01 11:15:14.320843385
#  File has been updated.
#  Successfully updated.

# Not a target:
NVM.o:
#  Implicit rule search has been done.
#  Last modified 2022-06-01 11:15:14.47283486
#  File has been updated.
#  Successfully updated.

# files hash-table stats:
# Load=25/1024=2%, Rehash=0, Collisions=2/58=3%
# VPATH Search Paths

# No 'vpath' search paths.

# No general ('VPATH' variable) search path.

# strcache buffers: 1 (0) / strings = 71 / storage = 749 B / avg = 10 B
# current buf: size = 8162 B / used = 749 B / count = 71 / avg = 10 B

# strcache performance: lookups = 101 / hit rate = 29%
# hash-table stats:
# Load=71/8192=1%, Rehash=0, Collisions=5/101=5%
# Finished Make data base on Wed Jun  1 11:15:19 2022

 
